WARNING: This is a development server. Do not use it in a production deployment. Use a production WSGI server instead.
 * Running on http://127.0.0.1:5000
Press CTRL+C to quit
 * Restarting with stat
 * Debugger is active!
 * Debugger PIN: 350-703-814
127.0.0.1 - - [25/Sep/2025 23:11:18] "GET / HTTP/1.1" 200 -
C:\Users\Afzal\projects\edureach-project\app.py:106: LegacyAPIWarning: The Query.get() method is considered legacy as of the 1.x series of SQLAlchemy and becomes a legacy construct in 2.0. The method is now available as Session.get() (deprecated since: 2.0) (Background on SQLAlchemy 2.0 at: https://sqlalche.me/e/b8d9)
  return Student.query.get(int(user_id))
127.0.0.1 - - [25/Sep/2025 23:11:34] "GET / HTTP/1.1" 200 -
127.0.0.1 - - [25/Sep/2025 23:11:34] "GET /static/js/main.js HTTP/1.1" 304 -
127.0.0.1 - - [25/Sep/2025 23:11:34] "GET /static/css/style.css HTTP/1.1" 200 -
127.0.0.1 - - [25/Sep/2025 23:11:34] "GET /api/translations/en HTTP/1.1" 200 -
127.0.0.1 - - [25/Sep/2025 23:11:41] "GET /login HTTP/1.1" 200 -
127.0.0.1 - - [25/Sep/2025 23:11:41] "GET /static/css/style.css HTTP/1.1" 304 -
127.0.0.1 - - [25/Sep/2025 23:11:41] "GET /static/js/main.js HTTP/1.1" 304 -
127.0.0.1 - - [25/Sep/2025 23:11:41] "GET /api/translations/en HTTP/1.1" 200 -
127.0.0.1 - - [25/Sep/2025 23:11:45] "POST /login HTTP/1.1" 200 -
127.0.0.1 - - [25/Sep/2025 23:11:57] "POST /login HTTP/1.1" 200 -
127.0.0.1 - - [25/Sep/2025 23:12:04] "GET / HTTP/1.1" 200 -
127.0.0.1 - - [25/Sep/2025 23:12:04] "GET /static/js/main.js HTTP/1.1" 304 -
127.0.0.1 - - [25/Sep/2025 23:12:04] "GET /static/css/style.css HTTP/1.1" 304 -
127.0.0.1 - - [25/Sep/2025 23:12:04] "GET /api/translations/en HTTP/1.1" 200 -
127.0.0.1 - - [25/Sep/2025 23:12:05] "GET /register HTTP/1.1" 200 -
127.0.0.1 - - [25/Sep/2025 23:12:05] "GET /static/js/main.js HTTP/1.1" 304 -
127.0.0.1 - - [25/Sep/2025 23:12:05] "GET /static/css/style.css HTTP/1.1" 304 -
127.0.0.1 - - [25/Sep/2025 23:12:05] "GET /api/translations/en HTTP/1.1" 200 -
127.0.0.1 - - [25/Sep/2025 23:12:30] "POST /register HTTP/1.1" 200 -
127.0.0.1 - - [25/Sep/2025 23:12:32] "GET /login HTTP/1.1" 200 -
127.0.0.1 - - [25/Sep/2025 23:12:32] "GET /static/css/style.css HTTP/1.1" 304 -
127.0.0.1 - - [25/Sep/2025 23:12:32] "GET /static/js/main.js HTTP/1.1" 304 -
127.0.0.1 - - [25/Sep/2025 23:12:32] "GET /api/translations/en HTTP/1.1" 200 -
127.0.0.1 - - [25/Sep/2025 23:12:43] "POST /login HTTP/1.1" 200 -
127.0.0.1 - - [25/Sep/2025 23:12:43] "GET /courses HTTP/1.1" 200 -
127.0.0.1 - - [25/Sep/2025 23:12:43] "GET /static/css/style.css HTTP/1.1" 304 -
127.0.0.1 - - [25/Sep/2025 23:12:43] "GET /static/js/main.js HTTP/1.1" 304 -
127.0.0.1 - - [25/Sep/2025 23:12:43] "GET /api/translations/en HTTP/1.1" 200 -
127.0.0.1 - - [25/Sep/2025 23:12:43] "GET /api/courses HTTP/1.1" 200 -
127.0.0.1 - - [25/Sep/2025 23:12:43] "GET /api/progress HTTP/1.1" 200 -
127.0.0.1 - - [25/Sep/2025 23:12:47] "GET /api/courses?class=9th HTTP/1.1" 200 -
127.0.0.1 - - [25/Sep/2025 23:12:47] "GET /api/progress HTTP/1.1" 200 -
127.0.0.1 - - [25/Sep/2025 23:12:52] "GET /api/courses?class=9th&subject=physics HTTP/1.1" 200 -
127.0.0.1 - - [25/Sep/2025 23:12:52] "GET /api/progress HTTP/1.1" 200 -
127.0.0.1 - - [25/Sep/2025 23:12:55] "GET /api/courses?class=9th&subject=chemistry HTTP/1.1" 200 -
127.0.0.1 - - [25/Sep/2025 23:12:55] "GET /api/progress HTTP/1.1" 200 -
127.0.0.1 - - [25/Sep/2025 23:12:58] "GET /api/courses?class=9th&subject=mathematics HTTP/1.1" 200 -
127.0.0.1 - - [25/Sep/2025 23:12:58] "GET /api/progress HTTP/1.1" 200 -
 * Detected change in 'C:\\Users\\Afzal\\projects\\edureach-project\\app.py', reloading
 * Restarting with stat
 * Debugger is active!
 * Debugger PIN: 350-703-814
C:\Users\Afzal\projects\edureach-project\app.py:106: LegacyAPIWarning: The Query.get() method is considered legacy as of the 1.x series of SQLAlchemy and becomes a legacy construct in 2.0. The method is now available as Session.get() (deprecated since: 2.0) (Background on SQLAlchemy 2.0 at: https://sqlalche.me/e/b8d9)
  return Student.query.get(int(user_id))
127.0.0.1 - - [25/Sep/2025 23:23:27] "GET /assignments HTTP/1.1" 302 -
127.0.0.1 - - [25/Sep/2025 23:23:27] "GET /courses HTTP/1.1" 200 -
127.0.0.1 - - [25/Sep/2025 23:23:27] "GET /static/js/main.js HTTP/1.1" 304 -
127.0.0.1 - - [25/Sep/2025 23:23:27] "GET /static/css/style.css HTTP/1.1" 304 -
127.0.0.1 - - [25/Sep/2025 23:23:27] "GET /api/translations/en HTTP/1.1" 200 -
127.0.0.1 - - [25/Sep/2025 23:23:27] "GET /api/courses HTTP/1.1" 200 -
127.0.0.1 - - [25/Sep/2025 23:23:27] "GET /api/progress HTTP/1.1" 200 -
127.0.0.1 - - [25/Sep/2025 23:23:32] "GET /courses HTTP/1.1" 200 -
127.0.0.1 - - [25/Sep/2025 23:23:32] "GET /static/css/style.css HTTP/1.1" 304 -
127.0.0.1 - - [25/Sep/2025 23:23:32] "GET /static/js/main.js HTTP/1.1" 304 -
127.0.0.1 - - [25/Sep/2025 23:23:32] "GET /api/translations/en HTTP/1.1" 200 -
127.0.0.1 - - [25/Sep/2025 23:23:32] "GET /api/courses HTTP/1.1" 200 -
127.0.0.1 - - [25/Sep/2025 23:23:32] "GET /api/progress HTTP/1.1" 200 -
127.0.0.1 - - [25/Sep/2025 23:23:34] "GET /progress HTTP/1.1" 200 -
127.0.0.1 - - [25/Sep/2025 23:23:34] "GET /static/js/main.js HTTP/1.1" 304 -
127.0.0.1 - - [25/Sep/2025 23:23:34] "GET /static/css/style.css HTTP/1.1" 304 -
127.0.0.1 - - [25/Sep/2025 23:23:34] "GET /api/progress HTTP/1.1" 200 -
127.0.0.1 - - [25/Sep/2025 23:23:34] "GET /api/translations/en HTTP/1.1" 200 -
127.0.0.1 - - [25/Sep/2025 23:23:58] "GET /logout HTTP/1.1" 302 -
127.0.0.1 - - [25/Sep/2025 23:23:58] "GET / HTTP/1.1" 200 -
127.0.0.1 - - [25/Sep/2025 23:23:59] "GET /static/css/style.css HTTP/1.1" 304 -
127.0.0.1 - - [25/Sep/2025 23:23:59] "GET /static/js/main.js HTTP/1.1" 304 -
127.0.0.1 - - [25/Sep/2025 23:23:59] "GET /api/translations/en HTTP/1.1" 200 -
127.0.0.1 - - [25/Sep/2025 23:24:03] "GET /register HTTP/1.1" 200 -
127.0.0.1 - - [25/Sep/2025 23:24:03] "GET /static/css/style.css HTTP/1.1" 304 -
127.0.0.1 - - [25/Sep/2025 23:24:03] "GET /static/js/main.js HTTP/1.1" 304 -
127.0.0.1 - - [25/Sep/2025 23:24:03] "GET /api/translations/en HTTP/1.1" 200 -
127.0.0.1 - - [25/Sep/2025 23:24:05] "GET /login HTTP/1.1" 200 -
127.0.0.1 - - [25/Sep/2025 23:24:05] "GET /static/css/style.css HTTP/1.1" 304 -
127.0.0.1 - - [25/Sep/2025 23:24:05] "GET /static/js/main.js HTTP/1.1" 304 -
127.0.0.1 - - [25/Sep/2025 23:24:05] "GET /api/translations/en HTTP/1.1" 200 -
127.0.0.1 - - [25/Sep/2025 23:24:19] "POST /login HTTP/1.1" 200 -
127.0.0.1 - - [25/Sep/2025 23:24:19] "GET /courses HTTP/1.1" 200 -
127.0.0.1 - - [25/Sep/2025 23:24:19] "GET /static/css/style.css HTTP/1.1" 304 -
127.0.0.1 - - [25/Sep/2025 23:24:19] "GET /static/js/main.js HTTP/1.1" 304 -
127.0.0.1 - - [25/Sep/2025 23:24:19] "GET /api/courses HTTP/1.1" 200 -
127.0.0.1 - - [25/Sep/2025 23:24:19] "GET /api/translations/en HTTP/1.1" 200 -
127.0.0.1 - - [25/Sep/2025 23:24:19] "GET /api/progress HTTP/1.1" 200 -
127.0.0.1 - - [25/Sep/2025 23:24:46] "GET / HTTP/1.1" 200 -
127.0.0.1 - - [25/Sep/2025 23:24:46] "GET /static/js/main.js HTTP/1.1" 304 -
127.0.0.1 - - [25/Sep/2025 23:24:46] "GET /static/css/style.css HTTP/1.1" 304 -
127.0.0.1 - - [25/Sep/2025 23:24:46] "GET /api/translations/en HTTP/1.1" 200 -
127.0.0.1 - - [25/Sep/2025 23:24:48] "GET /courses HTTP/1.1" 200 -
127.0.0.1 - - [25/Sep/2025 23:24:48] "GET /static/js/main.js HTTP/1.1" 304 -
127.0.0.1 - - [25/Sep/2025 23:24:48] "GET /static/css/style.css HTTP/1.1" 304 -
127.0.0.1 - - [25/Sep/2025 23:24:48] "GET /api/translations/en HTTP/1.1" 200 -
127.0.0.1 - - [25/Sep/2025 23:24:48] "GET /api/courses HTTP/1.1" 200 -
127.0.0.1 - - [25/Sep/2025 23:24:48] "GET /api/progress HTTP/1.1" 200 -
127.0.0.1 - - [25/Sep/2025 23:24:50] "GET /assignments HTTP/1.1" 302 -
127.0.0.1 - - [25/Sep/2025 23:24:50] "GET /courses HTTP/1.1" 200 -
127.0.0.1 - - [25/Sep/2025 23:24:50] "GET /static/css/style.css HTTP/1.1" 304 -
127.0.0.1 - - [25/Sep/2025 23:24:50] "GET /static/js/main.js HTTP/1.1" 304 -
127.0.0.1 - - [25/Sep/2025 23:24:50] "GET /api/courses HTTP/1.1" 200 -
127.0.0.1 - - [25/Sep/2025 23:24:50] "GET /api/translations/en HTTP/1.1" 200 -
127.0.0.1 - - [25/Sep/2025 23:24:50] "GET /api/progress HTTP/1.1" 200 -
127.0.0.1 - - [25/Sep/2025 23:24:51] "GET /progress HTTP/1.1" 200 -
127.0.0.1 - - [25/Sep/2025 23:24:51] "GET /static/js/main.js HTTP/1.1" 304 -
127.0.0.1 - - [25/Sep/2025 23:24:51] "GET /static/css/style.css HTTP/1.1" 304 -
127.0.0.1 - - [25/Sep/2025 23:24:51] "GET /api/translations/en HTTP/1.1" 200 -
127.0.0.1 - - [25/Sep/2025 23:24:51] "GET /api/progress HTTP/1.1" 200 -
127.0.0.1 - - [25/Sep/2025 23:24:53] "GET /contact HTTP/1.1" 200 -
127.0.0.1 - - [25/Sep/2025 23:24:53] "GET /static/css/style.css HTTP/1.1" 304 -
127.0.0.1 - - [25/Sep/2025 23:24:53] "GET /static/js/main.js HTTP/1.1" 304 -
127.0.0.1 - - [25/Sep/2025 23:24:53] "GET /api/translations/en HTTP/1.1" 200 -
 * Detected change in 'C:\\Users\\Afzal\\projects\\edureach-project\\app.py', reloading
 * Restarting with stat
 * Debugger is active!
 * Debugger PIN: 350-703-814
 * Detected change in 'C:\\Users\\Afzal\\projects\\edureach-project\\migrate_add_course_columns.py', reloading
 * Restarting with stat
 * Debugger is active!
 * Debugger PIN: 350-703-814
127.0.0.1 - - [25/Sep/2025 23:38:29] "GET / HTTP/1.1" 200 -
C:\Users\Afzal\projects\edureach-project\app.py:106: LegacyAPIWarning: The Query.get() method is considered legacy as of the 1.x series of SQLAlchemy and becomes a legacy construct in 2.0. The method is now available as Session.get() (deprecated since: 2.0) (Background on SQLAlchemy 2.0 at: https://sqlalche.me/e/b8d9)
  return Student.query.get(int(user_id))
127.0.0.1 - - [25/Sep/2025 23:39:05] "GET / HTTP/1.1" 200 -
127.0.0.1 - - [25/Sep/2025 23:39:06] "GET /static/css/style.css HTTP/1.1" 304 -
127.0.0.1 - - [25/Sep/2025 23:39:06] "GET /static/js/main.js HTTP/1.1" 304 -
127.0.0.1 - - [25/Sep/2025 23:39:06] "GET /api/translations/en HTTP/1.1" 200 -
127.0.0.1 - - [25/Sep/2025 23:39:16] "GET /courses HTTP/1.1" 200 -
127.0.0.1 - - [25/Sep/2025 23:39:16] "GET /static/css/style.css HTTP/1.1" 304 -
127.0.0.1 - - [25/Sep/2025 23:39:16] "GET /static/js/main.js HTTP/1.1" 304 -
127.0.0.1 - - [25/Sep/2025 23:39:16] "GET /api/translations/en HTTP/1.1" 200 -
127.0.0.1 - - [25/Sep/2025 23:39:16] "GET /api/courses HTTP/1.1" 200 -
127.0.0.1 - - [25/Sep/2025 23:39:16] "GET /api/progress HTTP/1.1" 200 -
127.0.0.1 - - [25/Sep/2025 23:39:20] "GET /api/courses?subject=physics HTTP/1.1" 200 -
127.0.0.1 - - [25/Sep/2025 23:39:20] "GET /api/progress HTTP/1.1" 200 -
127.0.0.1 - - [25/Sep/2025 23:39:25] "GET /courses HTTP/1.1" 200 -
127.0.0.1 - - [25/Sep/2025 23:39:25] "GET /static/css/style.css HTTP/1.1" 304 -
127.0.0.1 - - [25/Sep/2025 23:39:25] "GET /static/js/main.js HTTP/1.1" 304 -
127.0.0.1 - - [25/Sep/2025 23:39:25] "GET /api/translations/en HTTP/1.1" 200 -
127.0.0.1 - - [25/Sep/2025 23:39:25] "GET /api/courses HTTP/1.1" 200 -
127.0.0.1 - - [25/Sep/2025 23:39:25] "GET /api/progress HTTP/1.1" 200 -
127.0.0.1 - - [25/Sep/2025 23:39:29] "GET /api/courses?class=9th HTTP/1.1" 200 -
127.0.0.1 - - [25/Sep/2025 23:39:29] "GET /api/progress HTTP/1.1" 200 -
127.0.0.1 - - [25/Sep/2025 23:39:33] "GET /api/courses?class=9th&subject=physics HTTP/1.1" 200 -
127.0.0.1 - - [25/Sep/2025 23:39:33] "GET /api/progress HTTP/1.1" 200 -
127.0.0.1 - - [25/Sep/2025 23:41:00] "POST /register HTTP/1.1" 200 -
127.0.0.1 - - [25/Sep/2025 23:41:08] "POST /login HTTP/1.1" 200 -
127.0.0.1 - - [25/Sep/2025 23:41:13] "GET /api/courses HTTP/1.1" 200 -
127.0.0.1 - - [25/Sep/2025 23:43:16] "GET /api/courses?class=9th&subject=physics HTTP/1.1" 200 -
127.0.0.1 - - [25/Sep/2025 23:45:19] "GET /api/courses?class=9th&subject=physics HTTP/1.1" 200 -
127.0.0.1 - - [25/Sep/2025 23:46:21] "GET /courses?class=9th&subject=physics HTTP/1.1" 200 -
127.0.0.1 - - [25/Sep/2025 23:46:21] "GET /static/css/style.css HTTP/1.1" 304 -
127.0.0.1 - - [25/Sep/2025 23:46:21] "GET /static/js/main.js HTTP/1.1" 304 -
127.0.0.1 - - [25/Sep/2025 23:46:21] "GET /api/translations/en HTTP/1.1" 200 -
127.0.0.1 - - [25/Sep/2025 23:46:21] "GET /api/courses?class=9th&subject=physics HTTP/1.1" 200 -
127.0.0.1 - - [25/Sep/2025 23:46:21] "GET /api/progress HTTP/1.1" 200 -
127.0.0.1 - - [25/Sep/2025 23:46:26] "GET /api/courses?subject=physics HTTP/1.1" 200 -
127.0.0.1 - - [25/Sep/2025 23:46:26] "GET /api/progress HTTP/1.1" 200 -
127.0.0.1 - - [25/Sep/2025 23:46:29] "GET /api/courses?class=9th&subject=physics HTTP/1.1" 200 -
127.0.0.1 - - [25/Sep/2025 23:46:29] "GET /api/progress HTTP/1.1" 200 -
127.0.0.1 - - [25/Sep/2025 23:46:33] "GET /api/courses?class=9th&subject=chemistry HTTP/1.1" 200 -
127.0.0.1 - - [25/Sep/2025 23:46:33] "GET /api/progress HTTP/1.1" 200 -
127.0.0.1 - - [25/Sep/2025 23:48:33] "GET /api/courses?class=9th&subject=physics HTTP/1.1" 302 -
127.0.0.1 - - [25/Sep/2025 23:48:34] "GET /login?next=/api/courses?class%3D9th%26subject%3Dphysics HTTP/1.1" 200 -
127.0.0.1 - - [25/Sep/2025 23:48:43] "GET /login HTTP/1.1" 200 -
127.0.0.1 - - [25/Sep/2025 23:48:43] "GET /static/css/style.css HTTP/1.1" 304 -
127.0.0.1 - - [25/Sep/2025 23:48:43] "GET /static/js/main.js HTTP/1.1" 304 -
127.0.0.1 - - [25/Sep/2025 23:48:43] "GET /api/translations/en HTTP/1.1" 200 -
127.0.0.1 - - [25/Sep/2025 23:48:45] "POST /login HTTP/1.1" 200 -
127.0.0.1 - - [25/Sep/2025 23:48:58] "POST /login HTTP/1.1" 200 -
127.0.0.1 - - [25/Sep/2025 23:48:58] "GET /courses HTTP/1.1" 200 -
127.0.0.1 - - [25/Sep/2025 23:48:58] "GET /static/css/style.css HTTP/1.1" 304 -
127.0.0.1 - - [25/Sep/2025 23:48:58] "GET /static/js/main.js HTTP/1.1" 304 -
127.0.0.1 - - [25/Sep/2025 23:48:58] "GET /api/translations/en HTTP/1.1" 200 -
127.0.0.1 - - [25/Sep/2025 23:48:58] "GET /api/courses HTTP/1.1" 200 -
127.0.0.1 - - [25/Sep/2025 23:48:58] "GET /api/progress HTTP/1.1" 200 -
127.0.0.1 - - [25/Sep/2025 23:49:04] "GET /courses HTTP/1.1" 200 -
127.0.0.1 - - [25/Sep/2025 23:49:04] "GET /static/css/style.css HTTP/1.1" 304 -
127.0.0.1 - - [25/Sep/2025 23:49:04] "GET /static/js/main.js HTTP/1.1" 304 -
127.0.0.1 - - [25/Sep/2025 23:49:04] "GET /api/translations/en HTTP/1.1" 200 -
127.0.0.1 - - [25/Sep/2025 23:49:04] "GET /api/courses HTTP/1.1" 200 -
127.0.0.1 - - [25/Sep/2025 23:49:04] "GET /api/progress HTTP/1.1" 200 -
127.0.0.1 - - [25/Sep/2025 23:49:08] "GET /api/courses?subject=physics HTTP/1.1" 200 -
127.0.0.1 - - [25/Sep/2025 23:49:08] "GET /api/progress HTTP/1.1" 200 -
127.0.0.1 - - [25/Sep/2025 23:49:11] "GET /api/courses?class=9th&subject=physics HTTP/1.1" 200 -
127.0.0.1 - - [25/Sep/2025 23:49:11] "GET /api/progress HTTP/1.1" 200 -
 * Detected change in 'C:\\Users\\Afzal\\projects\\edureach-project\\app.py', reloading
 * Restarting with stat
Traceback (most recent call last):
  File "C:\Users\Afzal\projects\edureach-project\venv\Lib\site-packages\sqlalchemy\engine\base.py", line 1967, in _exec_single_context
    self.dialect.do_execute(
  File "C:\Users\Afzal\projects\edureach-project\venv\Lib\site-packages\sqlalchemy\engine\default.py", line 951, in do_execute
    cursor.execute(statement, parameters)
sqlite3.OperationalError: no such column: course.subject

The above exception was the direct cause of the following exception:

Traceback (most recent call last):
  File "C:\Users\Afzal\projects\edureach-project\app.py", line 551, in <module>
    existing = Course.query.filter_by(name=course_info['name'], class_level=course_info['class_level']).first()
               ^^^^^^^^^^^^^^^^^^^^^^^^^^^^^^^^^^^^^^^^^^^^^^^^^^^^^^^^^^^^^^^^^^^^^^^^^^^^^^^^^^^^^^^^^^^^^^^^
  File "C:\Users\Afzal\projects\edureach-project\venv\Lib\site-packages\sqlalchemy\orm\query.py", line 2759, in first
    return self.limit(1)._iter().first()  # type: ignore
           ^^^^^^^^^^^^^^^^^^^^^
  File "C:\Users\Afzal\projects\edureach-project\venv\Lib\site-packages\sqlalchemy\orm\query.py", line 2857, in _iter
    result: Union[ScalarResult[_T], Result[_T]] = self.session.execute(
                                                  ^^^^^^^^^^^^^^^^^^^^^
  File "C:\Users\Afzal\projects\edureach-project\venv\Lib\site-packages\sqlalchemy\orm\session.py", line 2365, in execute
    return self._execute_internal(
           ^^^^^^^^^^^^^^^^^^^^^^^
  File "C:\Users\Afzal\projects\edureach-project\venv\Lib\site-packages\sqlalchemy\orm\session.py", line 2251, in _execute_internal
    result: Result[Any] = compile_state_cls.orm_execute_statement(
                          ^^^^^^^^^^^^^^^^^^^^^^^^^^^^^^^^^^^^^^^^
  File "C:\Users\Afzal\projects\edureach-project\venv\Lib\site-packages\sqlalchemy\orm\context.py", line 306, in orm_execute_statement
    result = conn.execute(
             ^^^^^^^^^^^^^
  File "C:\Users\Afzal\projects\edureach-project\venv\Lib\site-packages\sqlalchemy\engine\base.py", line 1419, in execute
    return meth(
           ^^^^^
  File "C:\Users\Afzal\projects\edureach-project\venv\Lib\site-packages\sqlalchemy\sql\elements.py", line 526, in _execute_on_connection
    return connection._execute_clauseelement(
           ^^^^^^^^^^^^^^^^^^^^^^^^^^^^^^^^^^
  File "C:\Users\Afzal\projects\edureach-project\venv\Lib\site-packages\sqlalchemy\engine\base.py", line 1641, in _execute_clauseelement
    ret = self._execute_context(
          ^^^^^^^^^^^^^^^^^^^^^^
  File "C:\Users\Afzal\projects\edureach-project\venv\Lib\site-packages\sqlalchemy\engine\base.py", line 1846, in _execute_context
    return self._exec_single_context(
           ^^^^^^^^^^^^^^^^^^^^^^^^^^
  File "C:\Users\Afzal\projects\edureach-project\venv\Lib\site-packages\sqlalchemy\engine\base.py", line 1986, in _exec_single_context
    self._handle_dbapi_exception(
  File "C:\Users\Afzal\projects\edureach-project\venv\Lib\site-packages\sqlalchemy\engine\base.py", line 2355, in _handle_dbapi_exception
    raise sqlalchemy_exception.with_traceback(exc_info[2]) from e
  File "C:\Users\Afzal\projects\edureach-project\venv\Lib\site-packages\sqlalchemy\engine\base.py", line 1967, in _exec_single_context
    self.dialect.do_execute(
  File "C:\Users\Afzal\projects\edureach-project\venv\Lib\site-packages\sqlalchemy\engine\default.py", line 951, in do_execute
    cursor.execute(statement, parameters)
sqlalchemy.exc.OperationalError: (sqlite3.OperationalError) no such column: course.subject
[SQL: SELECT course.id AS course_id, course.name AS course_name, course.class_level AS course_class_level, course.subject AS course_subject, course.description AS course_description, course.video_data AS course_video_data, course.created_at AS course_created_at 
FROM course 
WHERE course.name = ? AND course.class_level = ?
 LIMIT ? OFFSET ?]
[parameters: ('Physics', '9th', 1, 0)]
(Background on this error at: https://sqlalche.me/e/20/e3q8)
